Using pre-set license
Built from '2020.3/staging' branch; Version is '2020.3.26f1 (7298b473bc1a) revision 7510196'; Using compiler version '192528614'; Build Type 'Release'
OS: 'Windows 10  (10.0.19042) 64bit CoreSingleLanguage' Language: 'ru' Physical Memory: 7999 MB
BatchMode: 1, IsHumanControllingUs: 0, StartBugReporterOnCrash: 0, Is64bit: 1, IsPro: 0

COMMAND LINE ARGUMENTS:
D:\Unity\UnityEditor\2020.3.26f1\Editor\Unity.exe
-adb2
-batchMode
-noUpm
-name
AssetImportWorker0
-projectPath
D:/Unity/UnityProjects/Lab3 Player Control
-logFile
Logs/AssetImportWorker0.log
-srvPort
49706
Successfully changed project path to: D:/Unity/UnityProjects/Lab3 Player Control
D:/Unity/UnityProjects/Lab3 Player Control
Using Asset Import Pipeline V2.
Refreshing native plugins compatible for Editor in 30.85 ms, found 2 plugins.
Preloading 0 native plugins for Editor in 0.00 ms.
Initialize engine version: 2020.3.26f1 (7298b473bc1a)
[Subsystems] Discovering subsystems at path D:/Unity/UnityEditor/2020.3.26f1/Editor/Data/Resources/UnitySubsystems
[Subsystems] Discovering subsystems at path D:/Unity/UnityProjects/Lab3 Player Control/Assets
GfxDevice: creating device client; threaded=0
Direct3D:
    Version:  Direct3D 11.0 [level 11.1]
    Renderer: NVIDIA GeForce MX250 (ID=0x1d13)
    Vendor:   
    VRAM:     1983 MB
    Driver:   27.21.14.5167
Initialize mono
Mono path[0] = 'D:/Unity/UnityEditor/2020.3.26f1/Editor/Data/Managed'
Mono path[1] = 'D:/Unity/UnityEditor/2020.3.26f1/Editor/Data/MonoBleedingEdge/lib/mono/unityjit'
Mono config path = 'D:/Unity/UnityEditor/2020.3.26f1/Editor/Data/MonoBleedingEdge/etc'
Using monoOptions --debugger-agent=transport=dt_socket,embedding=1,server=y,suspend=n,address=127.0.0.1:56248
Begin MonoManager ReloadAssembly
Registering precompiled unity dll's ...
Register platform support module: D:/Unity/UnityEditor/2020.3.26f1/Editor/Data/PlaybackEngines/WindowsStandaloneSupport/UnityEditor.WindowsStandalone.Extensions.dll
Registered in 0.001172 seconds.
Native extension for WindowsStandalone target not found
Refreshing native plugins compatible for Editor in 31.94 ms, found 2 plugins.
Preloading 0 native plugins for Editor in 0.00 ms.
Mono: successfully reloaded assembly
- Completed reload, in  0.547 seconds
Domain Reload Profiling:
	ReloadAssembly (547ms)
		BeginReloadAssembly (51ms)
			ExecutionOrderSort (0ms)
			DisableScriptedObjects (0ms)
			BackupInstance (0ms)
			ReleaseScriptingObjects (0ms)
			CreateAndSetChildDomain (1ms)
		EndReloadAssembly (430ms)
			LoadAssemblies (50ms)
			RebuildTransferFunctionScriptingTraits (0ms)
			SetupTypeCache (150ms)
			ReleaseScriptCaches (0ms)
			RebuildScriptCaches (30ms)
			SetupLoadedEditorAssemblies (160ms)
				LogAssemblyErrors (0ms)
				InitializePlatformSupportModulesInManaged (5ms)
				SetLoadedEditorAssemblies (0ms)
				RefreshPlugins (32ms)
				BeforeProcessingInitializeOnLoad (8ms)
				ProcessInitializeOnLoadAttributes (86ms)
				ProcessInitializeOnLoadMethodAttributes (29ms)
				AfterProcessingInitializeOnLoad (0ms)
				EditorAssembliesLoaded (0ms)
			ExecutionOrderSort2 (0ms)
			AwakeInstancesAfterBackupRestoration (0ms)
Platform modules already initialized, skipping
Registering precompiled user dll's ...
Registered in 0.003146 seconds.
Begin MonoManager ReloadAssembly
Native extension for WindowsStandalone target not found
Refreshing native plugins compatible for Editor in 0.37 ms, found 2 plugins.
Preloading 0 native plugins for Editor in 0.00 ms.
Mono: successfully reloaded assembly
- Completed reload, in  0.949 seconds
Domain Reload Profiling:
	ReloadAssembly (949ms)
		BeginReloadAssembly (139ms)
			ExecutionOrderSort (0ms)
			DisableScriptedObjects (5ms)
			BackupInstance (0ms)
			ReleaseScriptingObjects (0ms)
			CreateAndSetChildDomain (19ms)
		EndReloadAssembly (755ms)
			LoadAssemblies (80ms)
			RebuildTransferFunctionScriptingTraits (0ms)
			SetupTypeCache (273ms)
			ReleaseScriptCaches (0ms)
			RebuildScriptCaches (40ms)
			SetupLoadedEditorAssemblies (273ms)
				LogAssemblyErrors (0ms)
				InitializePlatformSupportModulesInManaged (4ms)
				SetLoadedEditorAssemblies (0ms)
				RefreshPlugins (0ms)
				BeforeProcessingInitializeOnLoad (48ms)
				ProcessInitializeOnLoadAttributes (207ms)
				ProcessInitializeOnLoadMethodAttributes (10ms)
				AfterProcessingInitializeOnLoad (3ms)
				EditorAssembliesLoaded (0ms)
			ExecutionOrderSort2 (0ms)
			AwakeInstancesAfterBackupRestoration (6ms)
Platform modules already initialized, skipping
========================================================================
Worker process is ready to serve import requests
Launched and connected shader compiler UnityShaderCompiler.exe after 0.07 seconds
Refreshing native plugins compatible for Editor in 0.36 ms, found 2 plugins.
Preloading 0 native plugins for Editor in 0.00 ms.
Unloading 1503 Unused Serialized files (Serialized files now loaded: 0)
System memory in use before: 67.5 MB.
System memory in use after: 67.6 MB.

Unloading 19 unused Assets to reduce memory usage. Loaded Objects now: 1935.
Total: 2.625300 ms (FindLiveObjects: 0.170000 ms CreateObjectMapping: 0.053400 ms MarkObjects: 2.329300 ms  DeleteObjects: 0.071500 ms)

AssetImportParameters requested are different than current active one (requested -> active):
  custom:framework-win-MediaFoundation: 216162199b28c13a410421893ffa2e32 -> 
  custom:video-decoder-ogg-theora: a1e56fd34408186e4bbccfd4996cb3dc -> 
  custom:container-muxer-webm: aa71ff27fc2769a1b78a27578f13a17b -> 
  custom:container-demuxer-webm: 4f35f7cbe854078d1ac9338744f61a02 -> 
  custom:container-demuxer-ogg: 62fdf1f143b41e24485cea50d1cbac27 -> 
  custom:video-encoder-webm-vp8: eb34c28f22e8b96e1ab97ce403110664 -> 
  custom:video-decoder-webm-vp8: 9c59270c3fd7afecdb556c50c9e8de78 -> 
  custom:audio-decoder-ogg-vorbis: bf7c407c2cedff20999df2af8eb42d56 -> 
  custom:audio-encoder-webm-vorbis: bf7c407c2cedff20999df2af8eb42d56 -> 
========================================================================
Received Import Request.
  path: Assets
  artifactKey: Guid(00000000000000001000000000000000) Importer(815301076,1909f56bfc062723c751e8b465ee728b)
Start importing Assets using Guid(00000000000000001000000000000000) Importer(815301076,1909f56bfc062723c751e8b465ee728b)  -> (artifact id: '42d402b061de3733987d63b9cc3b64de') in 0.008532 seconds 
  Import took 0.011514 seconds .

========================================================================
Received Import Request.
  Time since last request: 3.012783 seconds.
  path: Assets/Materials
  artifactKey: Guid(b51eaca8d20f64347848119d8a4d2f6b) Importer(815301076,1909f56bfc062723c751e8b465ee728b)
Start importing Assets/Materials using Guid(b51eaca8d20f64347848119d8a4d2f6b) Importer(815301076,1909f56bfc062723c751e8b465ee728b)  -> (artifact id: 'd4e9d591fac8a6687e40432cbe3c7351') in 0.007107 seconds 
  Import took 0.013786 seconds .

========================================================================
Received Import Request.
  Time since last request: 13.008148 seconds.
  path: Assets/Materials/Enemy 1.mat
  artifactKey: Guid(6b9d04cc1d11dfa48aefc8d20bd5fde4) Importer(815301076,1909f56bfc062723c751e8b465ee728b)
Start importing Assets/Materials/Enemy 1.mat using Guid(6b9d04cc1d11dfa48aefc8d20bd5fde4) Importer(815301076,1909f56bfc062723c751e8b465ee728b)  -> (artifact id: '1e8f86ba8b685b43e154b66db050ce80') in 0.139917 seconds 
  Import took 0.146940 seconds .

========================================================================
Received Import Request.
  Time since last request: 324.019108 seconds.
  path: Assets/Materials/New Material.mat
  artifactKey: Guid(a24498fd66995a347a3e61fe031a5ad0) Importer(815301076,1909f56bfc062723c751e8b465ee728b)
Start importing Assets/Materials/New Material.mat using Guid(a24498fd66995a347a3e61fe031a5ad0) Importer(815301076,1909f56bfc062723c751e8b465ee728b)  -> (artifact id: 'de04c3ab34796d29e7caa2297c1942d1') in 0.029925 seconds 
  Import took 0.037274 seconds .

========================================================================
Received Import Request.
  Time since last request: 4.760674 seconds.
  path: Assets/Materials/New Material 1.mat
  artifactKey: Guid(a3d2b85349843a446951b7a0cf05bf80) Importer(815301076,1909f56bfc062723c751e8b465ee728b)
Start importing Assets/Materials/New Material 1.mat using Guid(a3d2b85349843a446951b7a0cf05bf80) Importer(815301076,1909f56bfc062723c751e8b465ee728b)  -> (artifact id: 'cbb17cb440023def92e013bcd3286938') in 0.019511 seconds 
  Import took 0.023837 seconds .

========================================================================
Received Import Request.
  Time since last request: 8.644327 seconds.
  path: Assets/Materials/New Material 2.mat
  artifactKey: Guid(1abc7633f56a5a242af2d835e2f3f434) Importer(815301076,1909f56bfc062723c751e8b465ee728b)
Start importing Assets/Materials/New Material 2.mat using Guid(1abc7633f56a5a242af2d835e2f3f434) Importer(815301076,1909f56bfc062723c751e8b465ee728b)  -> (artifact id: '40c988f916975b69512e73d6e24077cc') in 0.016152 seconds 
  Import took 0.020002 seconds .

========================================================================
Received Import Request.
  Time since last request: 4.926822 seconds.
  path: Assets/Materials/New Material 3.mat
  artifactKey: Guid(e5f91dd0fb78d434cbe77d8650fbb4fe) Importer(815301076,1909f56bfc062723c751e8b465ee728b)
Start importing Assets/Materials/New Material 3.mat using Guid(e5f91dd0fb78d434cbe77d8650fbb4fe) Importer(815301076,1909f56bfc062723c751e8b465ee728b)  -> (artifact id: '332a5e9c10c5e999b79a0f5854948b61') in 0.015791 seconds 
  Import took 0.019759 seconds .

========================================================================
Received Import Request.
  Time since last request: 4.338277 seconds.
  path: Assets/Materials/Enemy2.mat
  artifactKey: Guid(a3d2b85349843a446951b7a0cf05bf80) Importer(815301076,1909f56bfc062723c751e8b465ee728b)
Start importing Assets/Materials/Enemy2.mat using Guid(a3d2b85349843a446951b7a0cf05bf80) Importer(815301076,1909f56bfc062723c751e8b465ee728b)  -> (artifact id: 'c13ee688c60096bf2543aa3fed04b62b') in 0.013312 seconds 
  Import took 0.016927 seconds .

========================================================================
Received Import Request.
  Time since last request: 5.017432 seconds.
  path: Assets/Materials/Enemy1.mat
  artifactKey: Guid(6b9d04cc1d11dfa48aefc8d20bd5fde4) Importer(815301076,1909f56bfc062723c751e8b465ee728b)
Start importing Assets/Materials/Enemy1.mat using Guid(6b9d04cc1d11dfa48aefc8d20bd5fde4) Importer(815301076,1909f56bfc062723c751e8b465ee728b)  -> (artifact id: '24b5114b8cdf8be37e16a362e0683c3b') in 0.014209 seconds 
  Import took 0.018611 seconds .

========================================================================
Received Import Request.
  Time since last request: 4.174848 seconds.
  path: Assets/Materials/Enemy3.mat
  artifactKey: Guid(1abc7633f56a5a242af2d835e2f3f434) Importer(815301076,1909f56bfc062723c751e8b465ee728b)
Start importing Assets/Materials/Enemy3.mat using Guid(1abc7633f56a5a242af2d835e2f3f434) Importer(815301076,1909f56bfc062723c751e8b465ee728b)  -> (artifact id: '26174ae90a762e400b609e048bc2b9df') in 0.016593 seconds 
  Import took 0.020126 seconds .

========================================================================
Received Import Request.
  Time since last request: 6.187382 seconds.
  path: Assets/Materials/Player.mat
  artifactKey: Guid(e5f91dd0fb78d434cbe77d8650fbb4fe) Importer(815301076,1909f56bfc062723c751e8b465ee728b)
Start importing Assets/Materials/Player.mat using Guid(e5f91dd0fb78d434cbe77d8650fbb4fe) Importer(815301076,1909f56bfc062723c751e8b465ee728b)  -> (artifact id: 'c039109e0898d0e26761e9b24be2c87b') in 0.022860 seconds 
  Import took 0.026267 seconds .

========================================================================
Received Import Request.
  Time since last request: 16.982038 seconds.
  path: Assets/Materials/Powerup.mat
  artifactKey: Guid(a24498fd66995a347a3e61fe031a5ad0) Importer(815301076,1909f56bfc062723c751e8b465ee728b)
Start importing Assets/Materials/Powerup.mat using Guid(a24498fd66995a347a3e61fe031a5ad0) Importer(815301076,1909f56bfc062723c751e8b465ee728b)  -> (artifact id: '0c30932ad25a22f58ad4d5e9ae5bcfb8') in 0.013123 seconds 
  Import took 0.016189 seconds .

========================================================================
Received Import Request.
  Time since last request: 71.939602 seconds.
  path: Assets/Materials/Enemy1.mat
  artifactKey: Guid(6b9d04cc1d11dfa48aefc8d20bd5fde4) Importer(815301076,1909f56bfc062723c751e8b465ee728b)
Start importing Assets/Materials/Enemy1.mat using Guid(6b9d04cc1d11dfa48aefc8d20bd5fde4) Importer(815301076,1909f56bfc062723c751e8b465ee728b)  -> (artifact id: '1c7d70a2ac69f7685a62e1d89f69f10b') in 0.013048 seconds 
  Import took 0.016624 seconds .

========================================================================
Received Import Request.
  Time since last request: 0.000220 seconds.
  path: Assets/Materials/Enemy3.mat
  artifactKey: Guid(1abc7633f56a5a242af2d835e2f3f434) Importer(815301076,1909f56bfc062723c751e8b465ee728b)
Start importing Assets/Materials/Enemy3.mat using Guid(1abc7633f56a5a242af2d835e2f3f434) Importer(815301076,1909f56bfc062723c751e8b465ee728b)  -> (artifact id: '6a6987f21bb62dad45a9a1259920d24e') in 0.014979 seconds 
  Import took 0.018121 seconds .

========================================================================
Received Import Request.
  Time since last request: 0.000255 seconds.
  path: Assets/Materials/Powerup.mat
  artifactKey: Guid(a24498fd66995a347a3e61fe031a5ad0) Importer(815301076,1909f56bfc062723c751e8b465ee728b)
Start importing Assets/Materials/Powerup.mat using Guid(a24498fd66995a347a3e61fe031a5ad0) Importer(815301076,1909f56bfc062723c751e8b465ee728b)  -> (artifact id: '54b32e6360ec759f2beb515f2df7c598') in 0.014787 seconds 
  Import took 0.018467 seconds .

========================================================================
Received Import Request.
  Time since last request: 0.000208 seconds.
  path: Assets/Materials/Enemy2.mat
  artifactKey: Guid(a3d2b85349843a446951b7a0cf05bf80) Importer(815301076,1909f56bfc062723c751e8b465ee728b)
Start importing Assets/Materials/Enemy2.mat using Guid(a3d2b85349843a446951b7a0cf05bf80) Importer(815301076,1909f56bfc062723c751e8b465ee728b)  -> (artifact id: '8048f31a4635416a29fdd7bc1b8fea85') in 0.015680 seconds 
  Import took 0.018974 seconds .

========================================================================
Received Import Request.
  Time since last request: 0.000161 seconds.
  path: Assets/Materials/Player.mat
  artifactKey: Guid(e5f91dd0fb78d434cbe77d8650fbb4fe) Importer(815301076,1909f56bfc062723c751e8b465ee728b)
Start importing Assets/Materials/Player.mat using Guid(e5f91dd0fb78d434cbe77d8650fbb4fe) Importer(815301076,1909f56bfc062723c751e8b465ee728b)  -> (artifact id: '6ba0ea8f6628dba084b699e873ec19ac') in 0.013881 seconds 
  Import took 0.016334 seconds .

========================================================================
Received Import Request.
  Time since last request: 34.849418 seconds.
  path: Packages/com.unity.ugui/package.json
  artifactKey: Guid(319b8889f363f5947acf209c17a94149) Importer(815301076,1909f56bfc062723c751e8b465ee728b)
Start importing Packages/com.unity.ugui/package.json using Guid(319b8889f363f5947acf209c17a94149) Importer(815301076,1909f56bfc062723c751e8b465ee728b)  -> (artifact id: '39d1f12f0f4420a8b9dea50868bbb5d0') in 0.026985 seconds 
  Import took 0.031052 seconds .

========================================================================
Received Import Request.
  Time since last request: 0.688201 seconds.
  path: Packages/com.unity.timeline/package.json
  artifactKey: Guid(13a9c1b4df2e489e8eb9cacca7429596) Importer(815301076,1909f56bfc062723c751e8b465ee728b)
Start importing Packages/com.unity.timeline/package.json using Guid(13a9c1b4df2e489e8eb9cacca7429596) Importer(815301076,1909f56bfc062723c751e8b465ee728b)  -> (artifact id: '82c6c08db8f434b9305b26de0687e812') in 0.021403 seconds 
  Import took 0.025882 seconds .

========================================================================
Received Import Request.
  Time since last request: 0.451848 seconds.
  path: Packages/com.unity.test-framework/package.json
  artifactKey: Guid(d6a2e6e4803de7b43baacdc355fc144d) Importer(815301076,1909f56bfc062723c751e8b465ee728b)
Start importing Packages/com.unity.test-framework/package.json using Guid(d6a2e6e4803de7b43baacdc355fc144d) Importer(815301076,1909f56bfc062723c751e8b465ee728b)  -> (artifact id: '348d0090788821c173ed5a91192d97b9') in 0.009522 seconds 
  Import took 0.013892 seconds .

========================================================================
Received Import Request.
  Time since last request: 0.990887 seconds.
  path: Packages/com.unity.nuget.newtonsoft-json/package.json
  artifactKey: Guid(f8d4e5c2f2df25449ae8c391afbe5114) Importer(815301076,1909f56bfc062723c751e8b465ee728b)
Start importing Packages/com.unity.nuget.newtonsoft-json/package.json using Guid(f8d4e5c2f2df25449ae8c391afbe5114) Importer(815301076,1909f56bfc062723c751e8b465ee728b)  -> (artifact id: '3887d1616531507fa9c4f23ac1ba7ce0') in 0.021333 seconds 
  Import took 0.028025 seconds .

========================================================================
Received Import Request.
  Time since last request: 0.912344 seconds.
  path: Packages/com.unity.nuget.newtonsoft-json/Runtime
  artifactKey: Guid(de1c7164adaf49d47b5de31c140713c9) Importer(815301076,1909f56bfc062723c751e8b465ee728b)
Start importing Packages/com.unity.nuget.newtonsoft-json/Runtime using Guid(de1c7164adaf49d47b5de31c140713c9) Importer(815301076,1909f56bfc062723c751e8b465ee728b)  -> (artifact id: '2e246ddfc98a6f576dd04657a468d713') in 0.005567 seconds 
  Import took 0.009912 seconds .

========================================================================
Received Import Request.
  Time since last request: 0.940733 seconds.
  path: Packages/com.unity.nuget.newtonsoft-json/Runtime/AOT
  artifactKey: Guid(14f21d7a1e53a8c4e87b25526a7eb63c) Importer(815301076,1909f56bfc062723c751e8b465ee728b)
Start importing Packages/com.unity.nuget.newtonsoft-json/Runtime/AOT using Guid(14f21d7a1e53a8c4e87b25526a7eb63c) Importer(815301076,1909f56bfc062723c751e8b465ee728b)  -> (artifact id: 'cf16a383df93ab57ceb0811fb1532805') in 0.012253 seconds 
  Import took 0.018658 seconds .

AssetImportWorkerClient::OnTransportError - code=2 error=End of file
